[2022-12-28 23:07:49,939: INFO: or] >>>>> starting training >>>>>
[2022-12-28 23:07:49,946: INFO: or] This is actual dataframe   x1  x2  y
0   0   0  0
1   0   1  1
2   1   0  1
3   1   1  1
[2022-12-28 23:07:49,946: INFO: all_utils] Preparing the data by segregating the independent and dependent variables
[2022-12-28 23:07:49,948: INFO: model] initial weights before training: 
[-4.37059459e-05 -3.28856964e-05  1.67237111e-04]
[2022-12-28 23:07:49,948: INFO: model] X with bias: 
[[ 0.  0. -1.]
 [ 0.  1. -1.]
 [ 1.  0. -1.]
 [ 1.  1. -1.]]
[2022-12-28 23:07:49,949: INFO: model] --------------------
[2022-12-28 23:07:49,949: INFO: model] for epoch: 0
[2022-12-28 23:07:49,949: INFO: model] --------------------
[2022-12-28 23:07:49,951: INFO: model] predicted value after forward pass: 
[0 0 0 0]
[2022-12-28 23:07:49,951: INFO: model] error: 
0    0
1    1
2    1
3    1
Name: y, dtype: int64
[2022-12-28 23:07:49,951: INFO: model] updated weights after epoch:
0/100 : 
[ 0.59995629  0.59996711 -0.89983276]
[2022-12-28 23:07:49,951: INFO: model] ##################################################
[2022-12-28 23:07:49,952: INFO: model] --------------------
[2022-12-28 23:07:49,952: INFO: model] for epoch: 1
[2022-12-28 23:07:49,952: INFO: model] --------------------
[2022-12-28 23:07:49,952: INFO: model] predicted value after forward pass: 
[1 1 1 1]
[2022-12-28 23:07:49,952: INFO: model] error: 
0   -1
1    0
2    0
3    0
Name: y, dtype: int64
[2022-12-28 23:07:49,952: INFO: model] updated weights after epoch:
1/100 : 
[ 0.59995629  0.59996711 -0.59983276]
[2022-12-28 23:07:49,952: INFO: model] ##################################################
[2022-12-28 23:07:49,952: INFO: model] --------------------
[2022-12-28 23:07:49,952: INFO: model] for epoch: 2
[2022-12-28 23:07:49,952: INFO: model] --------------------
[2022-12-28 23:07:49,952: INFO: model] predicted value after forward pass: 
[1 1 1 1]
[2022-12-28 23:07:49,953: INFO: model] error: 
0   -1
1    0
2    0
3    0
Name: y, dtype: int64
[2022-12-28 23:07:49,953: INFO: model] updated weights after epoch:
2/100 : 
[ 0.59995629  0.59996711 -0.29983276]
[2022-12-28 23:07:49,953: INFO: model] ##################################################
[2022-12-28 23:07:49,953: INFO: model] --------------------
[2022-12-28 23:07:49,953: INFO: model] for epoch: 3
[2022-12-28 23:07:49,953: INFO: model] --------------------
[2022-12-28 23:07:49,953: INFO: model] predicted value after forward pass: 
[1 1 1 1]
[2022-12-28 23:07:49,953: INFO: model] error: 
0   -1
1    0
2    0
3    0
Name: y, dtype: int64
[2022-12-28 23:07:49,954: INFO: model] updated weights after epoch:
3/100 : 
[5.99956294e-01 5.99967114e-01 1.67237111e-04]
[2022-12-28 23:07:49,954: INFO: model] ##################################################
[2022-12-28 23:07:49,954: INFO: model] --------------------
[2022-12-28 23:07:49,954: INFO: model] for epoch: 4
[2022-12-28 23:07:49,954: INFO: model] --------------------
[2022-12-28 23:07:49,954: INFO: model] predicted value after forward pass: 
[0 1 1 1]
[2022-12-28 23:07:49,954: INFO: model] error: 
0    0
1    0
2    0
3    0
Name: y, dtype: int64
[2022-12-28 23:07:49,954: INFO: model] updated weights after epoch:
4/100 : 
[5.99956294e-01 5.99967114e-01 1.67237111e-04]
[2022-12-28 23:07:49,954: INFO: model] ##################################################
[2022-12-28 23:07:49,954: INFO: model] --------------------
[2022-12-28 23:07:49,955: INFO: model] for epoch: 5
[2022-12-28 23:07:49,955: INFO: model] --------------------
[2022-12-28 23:07:49,955: INFO: model] predicted value after forward pass: 
[0 1 1 1]
[2022-12-28 23:07:49,955: INFO: model] error: 
0    0
1    0
2    0
3    0
Name: y, dtype: int64
[2022-12-28 23:07:49,955: INFO: model] updated weights after epoch:
5/100 : 
[5.99956294e-01 5.99967114e-01 1.67237111e-04]
[2022-12-28 23:07:49,955: INFO: model] ##################################################
[2022-12-28 23:07:49,955: INFO: model] --------------------
[2022-12-28 23:07:49,955: INFO: model] for epoch: 6
[2022-12-28 23:07:49,955: INFO: model] --------------------
[2022-12-28 23:07:49,955: INFO: model] predicted value after forward pass: 
[0 1 1 1]
[2022-12-28 23:07:49,956: INFO: model] error: 
0    0
1    0
2    0
3    0
Name: y, dtype: int64
[2022-12-28 23:07:49,956: INFO: model] updated weights after epoch:
6/100 : 
[5.99956294e-01 5.99967114e-01 1.67237111e-04]
[2022-12-28 23:07:49,956: INFO: model] ##################################################
[2022-12-28 23:07:49,956: INFO: model] --------------------
[2022-12-28 23:07:49,956: INFO: model] for epoch: 7
[2022-12-28 23:07:49,956: INFO: model] --------------------
[2022-12-28 23:07:49,956: INFO: model] predicted value after forward pass: 
[0 1 1 1]
[2022-12-28 23:07:49,956: INFO: model] error: 
0    0
1    0
2    0
3    0
Name: y, dtype: int64
[2022-12-28 23:07:49,956: INFO: model] updated weights after epoch:
7/100 : 
[5.99956294e-01 5.99967114e-01 1.67237111e-04]
[2022-12-28 23:07:49,956: INFO: model] ##################################################
[2022-12-28 23:07:49,957: INFO: model] --------------------
[2022-12-28 23:07:49,957: INFO: model] for epoch: 8
[2022-12-28 23:07:49,957: INFO: model] --------------------
[2022-12-28 23:07:49,957: INFO: model] predicted value after forward pass: 
[0 1 1 1]
[2022-12-28 23:07:49,957: INFO: model] error: 
0    0
1    0
2    0
3    0
Name: y, dtype: int64
[2022-12-28 23:07:49,957: INFO: model] updated weights after epoch:
8/100 : 
[5.99956294e-01 5.99967114e-01 1.67237111e-04]
[2022-12-28 23:07:49,957: INFO: model] ##################################################
[2022-12-28 23:07:49,957: INFO: model] --------------------
[2022-12-28 23:07:49,957: INFO: model] for epoch: 9
[2022-12-28 23:07:49,957: INFO: model] --------------------
[2022-12-28 23:07:49,957: INFO: model] predicted value after forward pass: 
[0 1 1 1]
[2022-12-28 23:07:49,958: INFO: model] error: 
0    0
1    0
2    0
3    0
Name: y, dtype: int64
[2022-12-28 23:07:49,958: INFO: model] updated weights after epoch:
9/100 : 
[5.99956294e-01 5.99967114e-01 1.67237111e-04]
[2022-12-28 23:07:49,958: INFO: model] ##################################################
[2022-12-28 23:07:49,958: INFO: model] --------------------
[2022-12-28 23:07:49,958: INFO: model] for epoch: 10
[2022-12-28 23:07:49,958: INFO: model] --------------------
[2022-12-28 23:07:49,958: INFO: model] predicted value after forward pass: 
[0 1 1 1]
[2022-12-28 23:07:49,958: INFO: model] error: 
0    0
1    0
2    0
3    0
Name: y, dtype: int64
[2022-12-28 23:07:49,959: INFO: model] updated weights after epoch:
10/100 : 
[5.99956294e-01 5.99967114e-01 1.67237111e-04]
[2022-12-28 23:07:49,959: INFO: model] ##################################################
[2022-12-28 23:07:49,959: INFO: model] --------------------
[2022-12-28 23:07:49,959: INFO: model] for epoch: 11
[2022-12-28 23:07:49,959: INFO: model] --------------------
[2022-12-28 23:07:49,959: INFO: model] predicted value after forward pass: 
[0 1 1 1]
[2022-12-28 23:07:49,959: INFO: model] error: 
0    0
1    0
2    0
3    0
Name: y, dtype: int64
[2022-12-28 23:07:49,959: INFO: model] updated weights after epoch:
11/100 : 
[5.99956294e-01 5.99967114e-01 1.67237111e-04]
[2022-12-28 23:07:49,959: INFO: model] ##################################################
[2022-12-28 23:07:49,959: INFO: model] --------------------
[2022-12-28 23:07:49,959: INFO: model] for epoch: 12
[2022-12-28 23:07:49,959: INFO: model] --------------------
[2022-12-28 23:07:49,959: INFO: model] predicted value after forward pass: 
[0 1 1 1]
[2022-12-28 23:07:49,960: INFO: model] error: 
0    0
1    0
2    0
3    0
Name: y, dtype: int64
[2022-12-28 23:07:49,960: INFO: model] updated weights after epoch:
12/100 : 
[5.99956294e-01 5.99967114e-01 1.67237111e-04]
[2022-12-28 23:07:49,960: INFO: model] ##################################################
[2022-12-28 23:07:49,960: INFO: model] --------------------
[2022-12-28 23:07:49,960: INFO: model] for epoch: 13
[2022-12-28 23:07:49,960: INFO: model] --------------------
[2022-12-28 23:07:49,960: INFO: model] predicted value after forward pass: 
[0 1 1 1]
[2022-12-28 23:07:49,960: INFO: model] error: 
0    0
1    0
2    0
3    0
Name: y, dtype: int64
[2022-12-28 23:07:49,961: INFO: model] updated weights after epoch:
13/100 : 
[5.99956294e-01 5.99967114e-01 1.67237111e-04]
[2022-12-28 23:07:49,961: INFO: model] ##################################################
[2022-12-28 23:07:49,961: INFO: model] --------------------
[2022-12-28 23:07:49,961: INFO: model] for epoch: 14
[2022-12-28 23:07:49,961: INFO: model] --------------------
[2022-12-28 23:07:49,961: INFO: model] predicted value after forward pass: 
[0 1 1 1]
[2022-12-28 23:07:49,961: INFO: model] error: 
0    0
1    0
2    0
3    0
Name: y, dtype: int64
[2022-12-28 23:07:49,961: INFO: model] updated weights after epoch:
14/100 : 
[5.99956294e-01 5.99967114e-01 1.67237111e-04]
[2022-12-28 23:07:49,961: INFO: model] ##################################################
[2022-12-28 23:07:49,961: INFO: model] --------------------
[2022-12-28 23:07:49,961: INFO: model] for epoch: 15
[2022-12-28 23:07:49,961: INFO: model] --------------------
[2022-12-28 23:07:49,961: INFO: model] predicted value after forward pass: 
[0 1 1 1]
[2022-12-28 23:07:49,962: INFO: model] error: 
0    0
1    0
2    0
3    0
Name: y, dtype: int64
[2022-12-28 23:07:49,962: INFO: model] updated weights after epoch:
15/100 : 
[5.99956294e-01 5.99967114e-01 1.67237111e-04]
[2022-12-28 23:07:49,962: INFO: model] ##################################################
[2022-12-28 23:07:49,962: INFO: model] --------------------
[2022-12-28 23:07:49,962: INFO: model] for epoch: 16
[2022-12-28 23:07:49,962: INFO: model] --------------------
[2022-12-28 23:07:49,962: INFO: model] predicted value after forward pass: 
[0 1 1 1]
[2022-12-28 23:07:49,962: INFO: model] error: 
0    0
1    0
2    0
3    0
Name: y, dtype: int64
[2022-12-28 23:07:49,963: INFO: model] updated weights after epoch:
16/100 : 
[5.99956294e-01 5.99967114e-01 1.67237111e-04]
[2022-12-28 23:07:49,963: INFO: model] ##################################################
[2022-12-28 23:07:49,963: INFO: model] --------------------
[2022-12-28 23:07:49,963: INFO: model] for epoch: 17
[2022-12-28 23:07:49,963: INFO: model] --------------------
[2022-12-28 23:07:49,963: INFO: model] predicted value after forward pass: 
[0 1 1 1]
[2022-12-28 23:07:49,963: INFO: model] error: 
0    0
1    0
2    0
3    0
Name: y, dtype: int64
[2022-12-28 23:07:49,963: INFO: model] updated weights after epoch:
17/100 : 
[5.99956294e-01 5.99967114e-01 1.67237111e-04]
[2022-12-28 23:07:49,963: INFO: model] ##################################################
[2022-12-28 23:07:49,963: INFO: model] --------------------
[2022-12-28 23:07:49,963: INFO: model] for epoch: 18
[2022-12-28 23:07:49,963: INFO: model] --------------------
[2022-12-28 23:07:49,963: INFO: model] predicted value after forward pass: 
[0 1 1 1]
[2022-12-28 23:07:49,964: INFO: model] error: 
0    0
1    0
2    0
3    0
Name: y, dtype: int64
[2022-12-28 23:07:49,964: INFO: model] updated weights after epoch:
18/100 : 
[5.99956294e-01 5.99967114e-01 1.67237111e-04]
[2022-12-28 23:07:49,964: INFO: model] ##################################################
[2022-12-28 23:07:49,964: INFO: model] --------------------
[2022-12-28 23:07:49,964: INFO: model] for epoch: 19
[2022-12-28 23:07:49,964: INFO: model] --------------------
[2022-12-28 23:07:49,964: INFO: model] predicted value after forward pass: 
[0 1 1 1]
[2022-12-28 23:07:49,964: INFO: model] error: 
0    0
1    0
2    0
3    0
Name: y, dtype: int64
[2022-12-28 23:07:49,965: INFO: model] updated weights after epoch:
19/100 : 
[5.99956294e-01 5.99967114e-01 1.67237111e-04]
[2022-12-28 23:07:49,965: INFO: model] ##################################################
[2022-12-28 23:07:49,965: INFO: model] --------------------
[2022-12-28 23:07:49,965: INFO: model] for epoch: 20
[2022-12-28 23:07:49,965: INFO: model] --------------------
[2022-12-28 23:07:49,965: INFO: model] predicted value after forward pass: 
[0 1 1 1]
[2022-12-28 23:07:49,965: INFO: model] error: 
0    0
1    0
2    0
3    0
Name: y, dtype: int64
[2022-12-28 23:07:49,965: INFO: model] updated weights after epoch:
20/100 : 
[5.99956294e-01 5.99967114e-01 1.67237111e-04]
[2022-12-28 23:07:49,965: INFO: model] ##################################################
[2022-12-28 23:07:49,965: INFO: model] --------------------
[2022-12-28 23:07:49,965: INFO: model] for epoch: 21
[2022-12-28 23:07:49,965: INFO: model] --------------------
[2022-12-28 23:07:49,965: INFO: model] predicted value after forward pass: 
[0 1 1 1]
[2022-12-28 23:07:49,966: INFO: model] error: 
0    0
1    0
2    0
3    0
Name: y, dtype: int64
[2022-12-28 23:07:49,966: INFO: model] updated weights after epoch:
21/100 : 
[5.99956294e-01 5.99967114e-01 1.67237111e-04]
[2022-12-28 23:07:49,966: INFO: model] ##################################################
[2022-12-28 23:07:49,966: INFO: model] --------------------
[2022-12-28 23:07:49,966: INFO: model] for epoch: 22
[2022-12-28 23:07:49,966: INFO: model] --------------------
[2022-12-28 23:07:49,966: INFO: model] predicted value after forward pass: 
[0 1 1 1]
[2022-12-28 23:07:49,967: INFO: model] error: 
0    0
1    0
2    0
3    0
Name: y, dtype: int64
[2022-12-28 23:07:49,967: INFO: model] updated weights after epoch:
22/100 : 
[5.99956294e-01 5.99967114e-01 1.67237111e-04]
[2022-12-28 23:07:49,967: INFO: model] ##################################################
[2022-12-28 23:07:49,967: INFO: model] --------------------
[2022-12-28 23:07:49,967: INFO: model] for epoch: 23
[2022-12-28 23:07:49,967: INFO: model] --------------------
[2022-12-28 23:07:49,967: INFO: model] predicted value after forward pass: 
[0 1 1 1]
[2022-12-28 23:07:49,967: INFO: model] error: 
0    0
1    0
2    0
3    0
Name: y, dtype: int64
[2022-12-28 23:07:49,967: INFO: model] updated weights after epoch:
23/100 : 
[5.99956294e-01 5.99967114e-01 1.67237111e-04]
[2022-12-28 23:07:49,967: INFO: model] ##################################################
[2022-12-28 23:07:49,968: INFO: model] --------------------
[2022-12-28 23:07:49,968: INFO: model] for epoch: 24
[2022-12-28 23:07:49,968: INFO: model] --------------------
[2022-12-28 23:07:49,968: INFO: model] predicted value after forward pass: 
[0 1 1 1]
[2022-12-28 23:07:49,968: INFO: model] error: 
0    0
1    0
2    0
3    0
Name: y, dtype: int64
[2022-12-28 23:07:49,968: INFO: model] updated weights after epoch:
24/100 : 
[5.99956294e-01 5.99967114e-01 1.67237111e-04]
[2022-12-28 23:07:49,968: INFO: model] ##################################################
[2022-12-28 23:07:49,968: INFO: model] --------------------
[2022-12-28 23:07:49,968: INFO: model] for epoch: 25
[2022-12-28 23:07:49,968: INFO: model] --------------------
[2022-12-28 23:07:49,968: INFO: model] predicted value after forward pass: 
[0 1 1 1]
[2022-12-28 23:07:49,969: INFO: model] error: 
0    0
1    0
2    0
3    0
Name: y, dtype: int64
[2022-12-28 23:07:49,969: INFO: model] updated weights after epoch:
25/100 : 
[5.99956294e-01 5.99967114e-01 1.67237111e-04]
[2022-12-28 23:07:49,969: INFO: model] ##################################################
[2022-12-28 23:07:49,969: INFO: model] --------------------
[2022-12-28 23:07:49,969: INFO: model] for epoch: 26
[2022-12-28 23:07:49,969: INFO: model] --------------------
[2022-12-28 23:07:49,969: INFO: model] predicted value after forward pass: 
[0 1 1 1]
[2022-12-28 23:07:49,969: INFO: model] error: 
0    0
1    0
2    0
3    0
Name: y, dtype: int64
[2022-12-28 23:07:49,969: INFO: model] updated weights after epoch:
26/100 : 
[5.99956294e-01 5.99967114e-01 1.67237111e-04]
[2022-12-28 23:07:49,969: INFO: model] ##################################################
[2022-12-28 23:07:49,970: INFO: model] --------------------
[2022-12-28 23:07:49,970: INFO: model] for epoch: 27
[2022-12-28 23:07:49,970: INFO: model] --------------------
[2022-12-28 23:07:49,970: INFO: model] predicted value after forward pass: 
[0 1 1 1]
[2022-12-28 23:07:49,970: INFO: model] error: 
0    0
1    0
2    0
3    0
Name: y, dtype: int64
[2022-12-28 23:07:49,970: INFO: model] updated weights after epoch:
27/100 : 
[5.99956294e-01 5.99967114e-01 1.67237111e-04]
[2022-12-28 23:07:49,970: INFO: model] ##################################################
[2022-12-28 23:07:49,970: INFO: model] --------------------
[2022-12-28 23:07:49,970: INFO: model] for epoch: 28
[2022-12-28 23:07:49,970: INFO: model] --------------------
[2022-12-28 23:07:49,970: INFO: model] predicted value after forward pass: 
[0 1 1 1]
[2022-12-28 23:07:49,971: INFO: model] error: 
0    0
1    0
2    0
3    0
Name: y, dtype: int64
[2022-12-28 23:07:49,971: INFO: model] updated weights after epoch:
28/100 : 
[5.99956294e-01 5.99967114e-01 1.67237111e-04]
[2022-12-28 23:07:49,971: INFO: model] ##################################################
[2022-12-28 23:07:49,971: INFO: model] --------------------
[2022-12-28 23:07:49,971: INFO: model] for epoch: 29
[2022-12-28 23:07:49,971: INFO: model] --------------------
[2022-12-28 23:07:49,971: INFO: model] predicted value after forward pass: 
[0 1 1 1]
[2022-12-28 23:07:49,971: INFO: model] error: 
0    0
1    0
2    0
3    0
Name: y, dtype: int64
[2022-12-28 23:07:49,971: INFO: model] updated weights after epoch:
29/100 : 
[5.99956294e-01 5.99967114e-01 1.67237111e-04]
[2022-12-28 23:07:49,971: INFO: model] ##################################################
[2022-12-28 23:07:49,972: INFO: model] --------------------
[2022-12-28 23:07:49,972: INFO: model] for epoch: 30
[2022-12-28 23:07:49,972: INFO: model] --------------------
[2022-12-28 23:07:49,972: INFO: model] predicted value after forward pass: 
[0 1 1 1]
[2022-12-28 23:07:49,972: INFO: model] error: 
0    0
1    0
2    0
3    0
Name: y, dtype: int64
[2022-12-28 23:07:49,972: INFO: model] updated weights after epoch:
30/100 : 
[5.99956294e-01 5.99967114e-01 1.67237111e-04]
[2022-12-28 23:07:49,972: INFO: model] ##################################################
[2022-12-28 23:07:49,972: INFO: model] --------------------
[2022-12-28 23:07:49,972: INFO: model] for epoch: 31
[2022-12-28 23:07:49,972: INFO: model] --------------------
[2022-12-28 23:07:49,972: INFO: model] predicted value after forward pass: 
[0 1 1 1]
[2022-12-28 23:07:49,973: INFO: model] error: 
0    0
1    0
2    0
3    0
Name: y, dtype: int64
[2022-12-28 23:07:49,973: INFO: model] updated weights after epoch:
31/100 : 
[5.99956294e-01 5.99967114e-01 1.67237111e-04]
[2022-12-28 23:07:49,973: INFO: model] ##################################################
[2022-12-28 23:07:49,973: INFO: model] --------------------
[2022-12-28 23:07:49,973: INFO: model] for epoch: 32
[2022-12-28 23:07:49,973: INFO: model] --------------------
[2022-12-28 23:07:49,973: INFO: model] predicted value after forward pass: 
[0 1 1 1]
[2022-12-28 23:07:49,973: INFO: model] error: 
0    0
1    0
2    0
3    0
Name: y, dtype: int64
[2022-12-28 23:07:49,973: INFO: model] updated weights after epoch:
32/100 : 
[5.99956294e-01 5.99967114e-01 1.67237111e-04]
[2022-12-28 23:07:49,974: INFO: model] ##################################################
[2022-12-28 23:07:49,974: INFO: model] --------------------
[2022-12-28 23:07:49,974: INFO: model] for epoch: 33
[2022-12-28 23:07:49,974: INFO: model] --------------------
[2022-12-28 23:07:49,974: INFO: model] predicted value after forward pass: 
[0 1 1 1]
[2022-12-28 23:07:49,974: INFO: model] error: 
0    0
1    0
2    0
3    0
Name: y, dtype: int64
[2022-12-28 23:07:49,974: INFO: model] updated weights after epoch:
33/100 : 
[5.99956294e-01 5.99967114e-01 1.67237111e-04]
[2022-12-28 23:07:49,974: INFO: model] ##################################################
[2022-12-28 23:07:49,974: INFO: model] --------------------
[2022-12-28 23:07:49,974: INFO: model] for epoch: 34
[2022-12-28 23:07:49,974: INFO: model] --------------------
[2022-12-28 23:07:49,974: INFO: model] predicted value after forward pass: 
[0 1 1 1]
[2022-12-28 23:07:49,975: INFO: model] error: 
0    0
1    0
2    0
3    0
Name: y, dtype: int64
[2022-12-28 23:07:49,975: INFO: model] updated weights after epoch:
34/100 : 
[5.99956294e-01 5.99967114e-01 1.67237111e-04]
[2022-12-28 23:07:49,975: INFO: model] ##################################################
[2022-12-28 23:07:49,975: INFO: model] --------------------
[2022-12-28 23:07:49,975: INFO: model] for epoch: 35
[2022-12-28 23:07:49,975: INFO: model] --------------------
[2022-12-28 23:07:49,975: INFO: model] predicted value after forward pass: 
[0 1 1 1]
[2022-12-28 23:07:49,975: INFO: model] error: 
0    0
1    0
2    0
3    0
Name: y, dtype: int64
[2022-12-28 23:07:49,975: INFO: model] updated weights after epoch:
35/100 : 
[5.99956294e-01 5.99967114e-01 1.67237111e-04]
[2022-12-28 23:07:49,975: INFO: model] ##################################################
[2022-12-28 23:07:49,975: INFO: model] --------------------
[2022-12-28 23:07:49,976: INFO: model] for epoch: 36
[2022-12-28 23:07:49,976: INFO: model] --------------------
[2022-12-28 23:07:49,976: INFO: model] predicted value after forward pass: 
[0 1 1 1]
[2022-12-28 23:07:49,976: INFO: model] error: 
0    0
1    0
2    0
3    0
Name: y, dtype: int64
[2022-12-28 23:07:49,976: INFO: model] updated weights after epoch:
36/100 : 
[5.99956294e-01 5.99967114e-01 1.67237111e-04]
[2022-12-28 23:07:49,976: INFO: model] ##################################################
[2022-12-28 23:07:49,976: INFO: model] --------------------
[2022-12-28 23:07:49,976: INFO: model] for epoch: 37
[2022-12-28 23:07:49,976: INFO: model] --------------------
[2022-12-28 23:07:49,976: INFO: model] predicted value after forward pass: 
[0 1 1 1]
[2022-12-28 23:07:49,977: INFO: model] error: 
0    0
1    0
2    0
3    0
Name: y, dtype: int64
[2022-12-28 23:07:49,977: INFO: model] updated weights after epoch:
37/100 : 
[5.99956294e-01 5.99967114e-01 1.67237111e-04]
[2022-12-28 23:07:49,977: INFO: model] ##################################################
[2022-12-28 23:07:49,977: INFO: model] --------------------
[2022-12-28 23:07:49,977: INFO: model] for epoch: 38
[2022-12-28 23:07:49,977: INFO: model] --------------------
[2022-12-28 23:07:49,977: INFO: model] predicted value after forward pass: 
[0 1 1 1]
[2022-12-28 23:07:49,977: INFO: model] error: 
0    0
1    0
2    0
3    0
Name: y, dtype: int64
[2022-12-28 23:07:49,977: INFO: model] updated weights after epoch:
38/100 : 
[5.99956294e-01 5.99967114e-01 1.67237111e-04]
[2022-12-28 23:07:49,977: INFO: model] ##################################################
[2022-12-28 23:07:49,977: INFO: model] --------------------
[2022-12-28 23:07:49,977: INFO: model] for epoch: 39
[2022-12-28 23:07:49,977: INFO: model] --------------------
[2022-12-28 23:07:49,978: INFO: model] predicted value after forward pass: 
[0 1 1 1]
[2022-12-28 23:07:49,978: INFO: model] error: 
0    0
1    0
2    0
3    0
Name: y, dtype: int64
[2022-12-28 23:07:49,978: INFO: model] updated weights after epoch:
39/100 : 
[5.99956294e-01 5.99967114e-01 1.67237111e-04]
[2022-12-28 23:07:49,978: INFO: model] ##################################################
[2022-12-28 23:07:49,978: INFO: model] --------------------
[2022-12-28 23:07:49,978: INFO: model] for epoch: 40
[2022-12-28 23:07:49,978: INFO: model] --------------------
[2022-12-28 23:07:49,978: INFO: model] predicted value after forward pass: 
[0 1 1 1]
[2022-12-28 23:07:49,978: INFO: model] error: 
0    0
1    0
2    0
3    0
Name: y, dtype: int64
[2022-12-28 23:07:49,979: INFO: model] updated weights after epoch:
40/100 : 
[5.99956294e-01 5.99967114e-01 1.67237111e-04]
[2022-12-28 23:07:49,979: INFO: model] ##################################################
[2022-12-28 23:07:49,979: INFO: model] --------------------
[2022-12-28 23:07:49,979: INFO: model] for epoch: 41
[2022-12-28 23:07:49,979: INFO: model] --------------------
[2022-12-28 23:07:49,979: INFO: model] predicted value after forward pass: 
[0 1 1 1]
[2022-12-28 23:07:49,979: INFO: model] error: 
0    0
1    0
2    0
3    0
Name: y, dtype: int64
[2022-12-28 23:07:49,979: INFO: model] updated weights after epoch:
41/100 : 
[5.99956294e-01 5.99967114e-01 1.67237111e-04]
[2022-12-28 23:07:49,979: INFO: model] ##################################################
[2022-12-28 23:07:49,979: INFO: model] --------------------
[2022-12-28 23:07:49,980: INFO: model] for epoch: 42
[2022-12-28 23:07:49,980: INFO: model] --------------------
[2022-12-28 23:07:49,980: INFO: model] predicted value after forward pass: 
[0 1 1 1]
[2022-12-28 23:07:49,980: INFO: model] error: 
0    0
1    0
2    0
3    0
Name: y, dtype: int64
[2022-12-28 23:07:49,980: INFO: model] updated weights after epoch:
42/100 : 
[5.99956294e-01 5.99967114e-01 1.67237111e-04]
[2022-12-28 23:07:49,980: INFO: model] ##################################################
[2022-12-28 23:07:49,980: INFO: model] --------------------
[2022-12-28 23:07:49,980: INFO: model] for epoch: 43
[2022-12-28 23:07:49,980: INFO: model] --------------------
[2022-12-28 23:07:49,980: INFO: model] predicted value after forward pass: 
[0 1 1 1]
[2022-12-28 23:07:49,981: INFO: model] error: 
0    0
1    0
2    0
3    0
Name: y, dtype: int64
[2022-12-28 23:07:49,981: INFO: model] updated weights after epoch:
43/100 : 
[5.99956294e-01 5.99967114e-01 1.67237111e-04]
[2022-12-28 23:07:49,981: INFO: model] ##################################################
[2022-12-28 23:07:49,981: INFO: model] --------------------
[2022-12-28 23:07:49,981: INFO: model] for epoch: 44
[2022-12-28 23:07:49,981: INFO: model] --------------------
[2022-12-28 23:07:49,981: INFO: model] predicted value after forward pass: 
[0 1 1 1]
[2022-12-28 23:07:49,981: INFO: model] error: 
0    0
1    0
2    0
3    0
Name: y, dtype: int64
[2022-12-28 23:07:49,981: INFO: model] updated weights after epoch:
44/100 : 
[5.99956294e-01 5.99967114e-01 1.67237111e-04]
[2022-12-28 23:07:49,981: INFO: model] ##################################################
[2022-12-28 23:07:49,982: INFO: model] --------------------
[2022-12-28 23:07:49,982: INFO: model] for epoch: 45
[2022-12-28 23:07:49,982: INFO: model] --------------------
[2022-12-28 23:07:49,982: INFO: model] predicted value after forward pass: 
[0 1 1 1]
[2022-12-28 23:07:49,982: INFO: model] error: 
0    0
1    0
2    0
3    0
Name: y, dtype: int64
[2022-12-28 23:07:49,982: INFO: model] updated weights after epoch:
45/100 : 
[5.99956294e-01 5.99967114e-01 1.67237111e-04]
[2022-12-28 23:07:49,982: INFO: model] ##################################################
[2022-12-28 23:07:49,982: INFO: model] --------------------
[2022-12-28 23:07:49,982: INFO: model] for epoch: 46
[2022-12-28 23:07:49,982: INFO: model] --------------------
[2022-12-28 23:07:49,982: INFO: model] predicted value after forward pass: 
[0 1 1 1]
[2022-12-28 23:07:49,983: INFO: model] error: 
0    0
1    0
2    0
3    0
Name: y, dtype: int64
[2022-12-28 23:07:49,983: INFO: model] updated weights after epoch:
46/100 : 
[5.99956294e-01 5.99967114e-01 1.67237111e-04]
[2022-12-28 23:07:49,983: INFO: model] ##################################################
[2022-12-28 23:07:49,983: INFO: model] --------------------
[2022-12-28 23:07:49,983: INFO: model] for epoch: 47
[2022-12-28 23:07:49,983: INFO: model] --------------------
[2022-12-28 23:07:49,983: INFO: model] predicted value after forward pass: 
[0 1 1 1]
[2022-12-28 23:07:49,983: INFO: model] error: 
0    0
1    0
2    0
3    0
Name: y, dtype: int64
[2022-12-28 23:07:49,983: INFO: model] updated weights after epoch:
47/100 : 
[5.99956294e-01 5.99967114e-01 1.67237111e-04]
[2022-12-28 23:07:49,983: INFO: model] ##################################################
[2022-12-28 23:07:49,983: INFO: model] --------------------
[2022-12-28 23:07:49,984: INFO: model] for epoch: 48
[2022-12-28 23:07:49,984: INFO: model] --------------------
[2022-12-28 23:07:49,984: INFO: model] predicted value after forward pass: 
[0 1 1 1]
[2022-12-28 23:07:49,984: INFO: model] error: 
0    0
1    0
2    0
3    0
Name: y, dtype: int64
[2022-12-28 23:07:49,984: INFO: model] updated weights after epoch:
48/100 : 
[5.99956294e-01 5.99967114e-01 1.67237111e-04]
[2022-12-28 23:07:49,984: INFO: model] ##################################################
[2022-12-28 23:07:49,984: INFO: model] --------------------
[2022-12-28 23:07:49,984: INFO: model] for epoch: 49
[2022-12-28 23:07:49,984: INFO: model] --------------------
[2022-12-28 23:07:49,984: INFO: model] predicted value after forward pass: 
[0 1 1 1]
[2022-12-28 23:07:49,985: INFO: model] error: 
0    0
1    0
2    0
3    0
Name: y, dtype: int64
[2022-12-28 23:07:49,985: INFO: model] updated weights after epoch:
49/100 : 
[5.99956294e-01 5.99967114e-01 1.67237111e-04]
[2022-12-28 23:07:49,985: INFO: model] ##################################################
[2022-12-28 23:07:49,985: INFO: model] --------------------
[2022-12-28 23:07:49,985: INFO: model] for epoch: 50
[2022-12-28 23:07:49,985: INFO: model] --------------------
[2022-12-28 23:07:49,985: INFO: model] predicted value after forward pass: 
[0 1 1 1]
[2022-12-28 23:07:49,985: INFO: model] error: 
0    0
1    0
2    0
3    0
Name: y, dtype: int64
[2022-12-28 23:07:49,985: INFO: model] updated weights after epoch:
50/100 : 
[5.99956294e-01 5.99967114e-01 1.67237111e-04]
[2022-12-28 23:07:49,985: INFO: model] ##################################################
[2022-12-28 23:07:49,986: INFO: model] --------------------
[2022-12-28 23:07:49,986: INFO: model] for epoch: 51
[2022-12-28 23:07:49,986: INFO: model] --------------------
[2022-12-28 23:07:49,986: INFO: model] predicted value after forward pass: 
[0 1 1 1]
[2022-12-28 23:07:49,986: INFO: model] error: 
0    0
1    0
2    0
3    0
Name: y, dtype: int64
[2022-12-28 23:07:49,986: INFO: model] updated weights after epoch:
51/100 : 
[5.99956294e-01 5.99967114e-01 1.67237111e-04]
[2022-12-28 23:07:49,986: INFO: model] ##################################################
[2022-12-28 23:07:49,986: INFO: model] --------------------
[2022-12-28 23:07:49,986: INFO: model] for epoch: 52
[2022-12-28 23:07:49,986: INFO: model] --------------------
[2022-12-28 23:07:49,986: INFO: model] predicted value after forward pass: 
[0 1 1 1]
[2022-12-28 23:07:49,987: INFO: model] error: 
0    0
1    0
2    0
3    0
Name: y, dtype: int64
[2022-12-28 23:07:49,987: INFO: model] updated weights after epoch:
52/100 : 
[5.99956294e-01 5.99967114e-01 1.67237111e-04]
[2022-12-28 23:07:49,987: INFO: model] ##################################################
[2022-12-28 23:07:49,987: INFO: model] --------------------
[2022-12-28 23:07:49,987: INFO: model] for epoch: 53
[2022-12-28 23:07:49,987: INFO: model] --------------------
[2022-12-28 23:07:49,987: INFO: model] predicted value after forward pass: 
[0 1 1 1]
[2022-12-28 23:07:49,987: INFO: model] error: 
0    0
1    0
2    0
3    0
Name: y, dtype: int64
[2022-12-28 23:07:49,987: INFO: model] updated weights after epoch:
53/100 : 
[5.99956294e-01 5.99967114e-01 1.67237111e-04]
[2022-12-28 23:07:49,987: INFO: model] ##################################################
[2022-12-28 23:07:49,987: INFO: model] --------------------
[2022-12-28 23:07:49,987: INFO: model] for epoch: 54
[2022-12-28 23:07:49,988: INFO: model] --------------------
[2022-12-28 23:07:49,988: INFO: model] predicted value after forward pass: 
[0 1 1 1]
[2022-12-28 23:07:49,988: INFO: model] error: 
0    0
1    0
2    0
3    0
Name: y, dtype: int64
[2022-12-28 23:07:49,988: INFO: model] updated weights after epoch:
54/100 : 
[5.99956294e-01 5.99967114e-01 1.67237111e-04]
[2022-12-28 23:07:49,988: INFO: model] ##################################################
[2022-12-28 23:07:49,988: INFO: model] --------------------
[2022-12-28 23:07:49,988: INFO: model] for epoch: 55
[2022-12-28 23:07:49,988: INFO: model] --------------------
[2022-12-28 23:07:49,988: INFO: model] predicted value after forward pass: 
[0 1 1 1]
[2022-12-28 23:07:49,989: INFO: model] error: 
0    0
1    0
2    0
3    0
Name: y, dtype: int64
[2022-12-28 23:07:49,989: INFO: model] updated weights after epoch:
55/100 : 
[5.99956294e-01 5.99967114e-01 1.67237111e-04]
[2022-12-28 23:07:49,989: INFO: model] ##################################################
[2022-12-28 23:07:49,989: INFO: model] --------------------
[2022-12-28 23:07:49,989: INFO: model] for epoch: 56
[2022-12-28 23:07:49,989: INFO: model] --------------------
[2022-12-28 23:07:49,989: INFO: model] predicted value after forward pass: 
[0 1 1 1]
[2022-12-28 23:07:49,989: INFO: model] error: 
0    0
1    0
2    0
3    0
Name: y, dtype: int64
[2022-12-28 23:07:49,989: INFO: model] updated weights after epoch:
56/100 : 
[5.99956294e-01 5.99967114e-01 1.67237111e-04]
[2022-12-28 23:07:49,989: INFO: model] ##################################################
[2022-12-28 23:07:49,990: INFO: model] --------------------
[2022-12-28 23:07:49,990: INFO: model] for epoch: 57
[2022-12-28 23:07:49,990: INFO: model] --------------------
[2022-12-28 23:07:49,990: INFO: model] predicted value after forward pass: 
[0 1 1 1]
[2022-12-28 23:07:49,990: INFO: model] error: 
0    0
1    0
2    0
3    0
Name: y, dtype: int64
[2022-12-28 23:07:49,990: INFO: model] updated weights after epoch:
57/100 : 
[5.99956294e-01 5.99967114e-01 1.67237111e-04]
[2022-12-28 23:07:49,990: INFO: model] ##################################################
[2022-12-28 23:07:49,990: INFO: model] --------------------
[2022-12-28 23:07:49,990: INFO: model] for epoch: 58
[2022-12-28 23:07:49,990: INFO: model] --------------------
[2022-12-28 23:07:49,990: INFO: model] predicted value after forward pass: 
[0 1 1 1]
[2022-12-28 23:07:49,991: INFO: model] error: 
0    0
1    0
2    0
3    0
Name: y, dtype: int64
[2022-12-28 23:07:49,991: INFO: model] updated weights after epoch:
58/100 : 
[5.99956294e-01 5.99967114e-01 1.67237111e-04]
[2022-12-28 23:07:49,991: INFO: model] ##################################################
[2022-12-28 23:07:49,991: INFO: model] --------------------
[2022-12-28 23:07:49,991: INFO: model] for epoch: 59
[2022-12-28 23:07:49,991: INFO: model] --------------------
[2022-12-28 23:07:49,991: INFO: model] predicted value after forward pass: 
[0 1 1 1]
[2022-12-28 23:07:49,991: INFO: model] error: 
0    0
1    0
2    0
3    0
Name: y, dtype: int64
[2022-12-28 23:07:49,992: INFO: model] updated weights after epoch:
59/100 : 
[5.99956294e-01 5.99967114e-01 1.67237111e-04]
[2022-12-28 23:07:49,992: INFO: model] ##################################################
[2022-12-28 23:07:49,992: INFO: model] --------------------
[2022-12-28 23:07:49,992: INFO: model] for epoch: 60
[2022-12-28 23:07:49,992: INFO: model] --------------------
[2022-12-28 23:07:49,992: INFO: model] predicted value after forward pass: 
[0 1 1 1]
[2022-12-28 23:07:49,992: INFO: model] error: 
0    0
1    0
2    0
3    0
Name: y, dtype: int64
[2022-12-28 23:07:49,992: INFO: model] updated weights after epoch:
60/100 : 
[5.99956294e-01 5.99967114e-01 1.67237111e-04]
[2022-12-28 23:07:49,992: INFO: model] ##################################################
[2022-12-28 23:07:49,992: INFO: model] --------------------
[2022-12-28 23:07:49,992: INFO: model] for epoch: 61
[2022-12-28 23:07:49,992: INFO: model] --------------------
[2022-12-28 23:07:49,992: INFO: model] predicted value after forward pass: 
[0 1 1 1]
[2022-12-28 23:07:49,993: INFO: model] error: 
0    0
1    0
2    0
3    0
Name: y, dtype: int64
[2022-12-28 23:07:49,993: INFO: model] updated weights after epoch:
61/100 : 
[5.99956294e-01 5.99967114e-01 1.67237111e-04]
[2022-12-28 23:07:49,993: INFO: model] ##################################################
[2022-12-28 23:07:49,993: INFO: model] --------------------
[2022-12-28 23:07:49,993: INFO: model] for epoch: 62
[2022-12-28 23:07:49,993: INFO: model] --------------------
[2022-12-28 23:07:49,993: INFO: model] predicted value after forward pass: 
[0 1 1 1]
[2022-12-28 23:07:49,993: INFO: model] error: 
0    0
1    0
2    0
3    0
Name: y, dtype: int64
[2022-12-28 23:07:49,994: INFO: model] updated weights after epoch:
62/100 : 
[5.99956294e-01 5.99967114e-01 1.67237111e-04]
[2022-12-28 23:07:49,994: INFO: model] ##################################################
[2022-12-28 23:07:49,994: INFO: model] --------------------
[2022-12-28 23:07:49,994: INFO: model] for epoch: 63
[2022-12-28 23:07:49,994: INFO: model] --------------------
[2022-12-28 23:07:49,994: INFO: model] predicted value after forward pass: 
[0 1 1 1]
[2022-12-28 23:07:49,994: INFO: model] error: 
0    0
1    0
2    0
3    0
Name: y, dtype: int64
[2022-12-28 23:07:49,994: INFO: model] updated weights after epoch:
63/100 : 
[5.99956294e-01 5.99967114e-01 1.67237111e-04]
[2022-12-28 23:07:49,994: INFO: model] ##################################################
[2022-12-28 23:07:49,994: INFO: model] --------------------
[2022-12-28 23:07:49,994: INFO: model] for epoch: 64
[2022-12-28 23:07:49,994: INFO: model] --------------------
[2022-12-28 23:07:49,994: INFO: model] predicted value after forward pass: 
[0 1 1 1]
[2022-12-28 23:07:49,995: INFO: model] error: 
0    0
1    0
2    0
3    0
Name: y, dtype: int64
[2022-12-28 23:07:49,995: INFO: model] updated weights after epoch:
64/100 : 
[5.99956294e-01 5.99967114e-01 1.67237111e-04]
[2022-12-28 23:07:49,995: INFO: model] ##################################################
[2022-12-28 23:07:49,995: INFO: model] --------------------
[2022-12-28 23:07:49,995: INFO: model] for epoch: 65
[2022-12-28 23:07:49,995: INFO: model] --------------------
[2022-12-28 23:07:49,995: INFO: model] predicted value after forward pass: 
[0 1 1 1]
[2022-12-28 23:07:49,995: INFO: model] error: 
0    0
1    0
2    0
3    0
Name: y, dtype: int64
[2022-12-28 23:07:49,996: INFO: model] updated weights after epoch:
65/100 : 
[5.99956294e-01 5.99967114e-01 1.67237111e-04]
[2022-12-28 23:07:49,996: INFO: model] ##################################################
[2022-12-28 23:07:49,996: INFO: model] --------------------
[2022-12-28 23:07:49,996: INFO: model] for epoch: 66
[2022-12-28 23:07:49,996: INFO: model] --------------------
[2022-12-28 23:07:49,996: INFO: model] predicted value after forward pass: 
[0 1 1 1]
[2022-12-28 23:07:49,996: INFO: model] error: 
0    0
1    0
2    0
3    0
Name: y, dtype: int64
[2022-12-28 23:07:49,996: INFO: model] updated weights after epoch:
66/100 : 
[5.99956294e-01 5.99967114e-01 1.67237111e-04]
[2022-12-28 23:07:49,996: INFO: model] ##################################################
[2022-12-28 23:07:49,996: INFO: model] --------------------
[2022-12-28 23:07:49,996: INFO: model] for epoch: 67
[2022-12-28 23:07:49,996: INFO: model] --------------------
[2022-12-28 23:07:49,996: INFO: model] predicted value after forward pass: 
[0 1 1 1]
[2022-12-28 23:07:49,997: INFO: model] error: 
0    0
1    0
2    0
3    0
Name: y, dtype: int64
[2022-12-28 23:07:49,997: INFO: model] updated weights after epoch:
67/100 : 
[5.99956294e-01 5.99967114e-01 1.67237111e-04]
[2022-12-28 23:07:49,997: INFO: model] ##################################################
[2022-12-28 23:07:49,997: INFO: model] --------------------
[2022-12-28 23:07:49,997: INFO: model] for epoch: 68
[2022-12-28 23:07:49,997: INFO: model] --------------------
[2022-12-28 23:07:49,997: INFO: model] predicted value after forward pass: 
[0 1 1 1]
[2022-12-28 23:07:49,997: INFO: model] error: 
0    0
1    0
2    0
3    0
Name: y, dtype: int64
[2022-12-28 23:07:49,998: INFO: model] updated weights after epoch:
68/100 : 
[5.99956294e-01 5.99967114e-01 1.67237111e-04]
[2022-12-28 23:07:49,998: INFO: model] ##################################################
[2022-12-28 23:07:49,998: INFO: model] --------------------
[2022-12-28 23:07:49,998: INFO: model] for epoch: 69
[2022-12-28 23:07:49,998: INFO: model] --------------------
[2022-12-28 23:07:49,998: INFO: model] predicted value after forward pass: 
[0 1 1 1]
[2022-12-28 23:07:49,998: INFO: model] error: 
0    0
1    0
2    0
3    0
Name: y, dtype: int64
[2022-12-28 23:07:49,998: INFO: model] updated weights after epoch:
69/100 : 
[5.99956294e-01 5.99967114e-01 1.67237111e-04]
[2022-12-28 23:07:49,998: INFO: model] ##################################################
[2022-12-28 23:07:49,998: INFO: model] --------------------
[2022-12-28 23:07:49,998: INFO: model] for epoch: 70
[2022-12-28 23:07:49,998: INFO: model] --------------------
[2022-12-28 23:07:49,998: INFO: model] predicted value after forward pass: 
[0 1 1 1]
[2022-12-28 23:07:49,999: INFO: model] error: 
0    0
1    0
2    0
3    0
Name: y, dtype: int64
[2022-12-28 23:07:49,999: INFO: model] updated weights after epoch:
70/100 : 
[5.99956294e-01 5.99967114e-01 1.67237111e-04]
[2022-12-28 23:07:49,999: INFO: model] ##################################################
[2022-12-28 23:07:49,999: INFO: model] --------------------
[2022-12-28 23:07:49,999: INFO: model] for epoch: 71
[2022-12-28 23:07:49,999: INFO: model] --------------------
[2022-12-28 23:07:49,999: INFO: model] predicted value after forward pass: 
[0 1 1 1]
[2022-12-28 23:07:49,999: INFO: model] error: 
0    0
1    0
2    0
3    0
Name: y, dtype: int64
[2022-12-28 23:07:50,000: INFO: model] updated weights after epoch:
71/100 : 
[5.99956294e-01 5.99967114e-01 1.67237111e-04]
[2022-12-28 23:07:50,000: INFO: model] ##################################################
[2022-12-28 23:07:50,000: INFO: model] --------------------
[2022-12-28 23:07:50,000: INFO: model] for epoch: 72
[2022-12-28 23:07:50,000: INFO: model] --------------------
[2022-12-28 23:07:50,000: INFO: model] predicted value after forward pass: 
[0 1 1 1]
[2022-12-28 23:07:50,000: INFO: model] error: 
0    0
1    0
2    0
3    0
Name: y, dtype: int64
[2022-12-28 23:07:50,000: INFO: model] updated weights after epoch:
72/100 : 
[5.99956294e-01 5.99967114e-01 1.67237111e-04]
[2022-12-28 23:07:50,000: INFO: model] ##################################################
[2022-12-28 23:07:50,000: INFO: model] --------------------
[2022-12-28 23:07:50,000: INFO: model] for epoch: 73
[2022-12-28 23:07:50,000: INFO: model] --------------------
[2022-12-28 23:07:50,000: INFO: model] predicted value after forward pass: 
[0 1 1 1]
[2022-12-28 23:07:50,001: INFO: model] error: 
0    0
1    0
2    0
3    0
Name: y, dtype: int64
[2022-12-28 23:07:50,001: INFO: model] updated weights after epoch:
73/100 : 
[5.99956294e-01 5.99967114e-01 1.67237111e-04]
[2022-12-28 23:07:50,001: INFO: model] ##################################################
[2022-12-28 23:07:50,001: INFO: model] --------------------
[2022-12-28 23:07:50,001: INFO: model] for epoch: 74
[2022-12-28 23:07:50,001: INFO: model] --------------------
[2022-12-28 23:07:50,001: INFO: model] predicted value after forward pass: 
[0 1 1 1]
[2022-12-28 23:07:50,002: INFO: model] error: 
0    0
1    0
2    0
3    0
Name: y, dtype: int64
[2022-12-28 23:07:50,002: INFO: model] updated weights after epoch:
74/100 : 
[5.99956294e-01 5.99967114e-01 1.67237111e-04]
[2022-12-28 23:07:50,002: INFO: model] ##################################################
[2022-12-28 23:07:50,002: INFO: model] --------------------
[2022-12-28 23:07:50,002: INFO: model] for epoch: 75
[2022-12-28 23:07:50,002: INFO: model] --------------------
[2022-12-28 23:07:50,002: INFO: model] predicted value after forward pass: 
[0 1 1 1]
[2022-12-28 23:07:50,003: INFO: model] error: 
0    0
1    0
2    0
3    0
Name: y, dtype: int64
[2022-12-28 23:07:50,003: INFO: model] updated weights after epoch:
75/100 : 
[5.99956294e-01 5.99967114e-01 1.67237111e-04]
[2022-12-28 23:07:50,003: INFO: model] ##################################################
[2022-12-28 23:07:50,003: INFO: model] --------------------
[2022-12-28 23:07:50,003: INFO: model] for epoch: 76
[2022-12-28 23:07:50,003: INFO: model] --------------------
[2022-12-28 23:07:50,003: INFO: model] predicted value after forward pass: 
[0 1 1 1]
[2022-12-28 23:07:50,003: INFO: model] error: 
0    0
1    0
2    0
3    0
Name: y, dtype: int64
[2022-12-28 23:07:50,003: INFO: model] updated weights after epoch:
76/100 : 
[5.99956294e-01 5.99967114e-01 1.67237111e-04]
[2022-12-28 23:07:50,004: INFO: model] ##################################################
[2022-12-28 23:07:50,004: INFO: model] --------------------
[2022-12-28 23:07:50,004: INFO: model] for epoch: 77
[2022-12-28 23:07:50,004: INFO: model] --------------------
[2022-12-28 23:07:50,004: INFO: model] predicted value after forward pass: 
[0 1 1 1]
[2022-12-28 23:07:50,004: INFO: model] error: 
0    0
1    0
2    0
3    0
Name: y, dtype: int64
[2022-12-28 23:07:50,004: INFO: model] updated weights after epoch:
77/100 : 
[5.99956294e-01 5.99967114e-01 1.67237111e-04]
[2022-12-28 23:07:50,004: INFO: model] ##################################################
[2022-12-28 23:07:50,004: INFO: model] --------------------
[2022-12-28 23:07:50,004: INFO: model] for epoch: 78
[2022-12-28 23:07:50,004: INFO: model] --------------------
[2022-12-28 23:07:50,004: INFO: model] predicted value after forward pass: 
[0 1 1 1]
[2022-12-28 23:07:50,005: INFO: model] error: 
0    0
1    0
2    0
3    0
Name: y, dtype: int64
[2022-12-28 23:07:50,005: INFO: model] updated weights after epoch:
78/100 : 
[5.99956294e-01 5.99967114e-01 1.67237111e-04]
[2022-12-28 23:07:50,005: INFO: model] ##################################################
[2022-12-28 23:07:50,005: INFO: model] --------------------
[2022-12-28 23:07:50,005: INFO: model] for epoch: 79
[2022-12-28 23:07:50,005: INFO: model] --------------------
[2022-12-28 23:07:50,005: INFO: model] predicted value after forward pass: 
[0 1 1 1]
[2022-12-28 23:07:50,005: INFO: model] error: 
0    0
1    0
2    0
3    0
Name: y, dtype: int64
[2022-12-28 23:07:50,006: INFO: model] updated weights after epoch:
79/100 : 
[5.99956294e-01 5.99967114e-01 1.67237111e-04]
[2022-12-28 23:07:50,006: INFO: model] ##################################################
[2022-12-28 23:07:50,006: INFO: model] --------------------
[2022-12-28 23:07:50,006: INFO: model] for epoch: 80
[2022-12-28 23:07:50,006: INFO: model] --------------------
[2022-12-28 23:07:50,006: INFO: model] predicted value after forward pass: 
[0 1 1 1]
[2022-12-28 23:07:50,006: INFO: model] error: 
0    0
1    0
2    0
3    0
Name: y, dtype: int64
[2022-12-28 23:07:50,006: INFO: model] updated weights after epoch:
80/100 : 
[5.99956294e-01 5.99967114e-01 1.67237111e-04]
[2022-12-28 23:07:50,006: INFO: model] ##################################################
[2022-12-28 23:07:50,006: INFO: model] --------------------
[2022-12-28 23:07:50,006: INFO: model] for epoch: 81
[2022-12-28 23:07:50,006: INFO: model] --------------------
[2022-12-28 23:07:50,007: INFO: model] predicted value after forward pass: 
[0 1 1 1]
[2022-12-28 23:07:50,007: INFO: model] error: 
0    0
1    0
2    0
3    0
Name: y, dtype: int64
[2022-12-28 23:07:50,007: INFO: model] updated weights after epoch:
81/100 : 
[5.99956294e-01 5.99967114e-01 1.67237111e-04]
[2022-12-28 23:07:50,007: INFO: model] ##################################################
[2022-12-28 23:07:50,007: INFO: model] --------------------
[2022-12-28 23:07:50,007: INFO: model] for epoch: 82
[2022-12-28 23:07:50,007: INFO: model] --------------------
[2022-12-28 23:07:50,007: INFO: model] predicted value after forward pass: 
[0 1 1 1]
[2022-12-28 23:07:50,008: INFO: model] error: 
0    0
1    0
2    0
3    0
Name: y, dtype: int64
[2022-12-28 23:07:50,008: INFO: model] updated weights after epoch:
82/100 : 
[5.99956294e-01 5.99967114e-01 1.67237111e-04]
[2022-12-28 23:07:50,008: INFO: model] ##################################################
[2022-12-28 23:07:50,008: INFO: model] --------------------
[2022-12-28 23:07:50,008: INFO: model] for epoch: 83
[2022-12-28 23:07:50,008: INFO: model] --------------------
[2022-12-28 23:07:50,008: INFO: model] predicted value after forward pass: 
[0 1 1 1]
[2022-12-28 23:07:50,008: INFO: model] error: 
0    0
1    0
2    0
3    0
Name: y, dtype: int64
[2022-12-28 23:07:50,008: INFO: model] updated weights after epoch:
83/100 : 
[5.99956294e-01 5.99967114e-01 1.67237111e-04]
[2022-12-28 23:07:50,009: INFO: model] ##################################################
[2022-12-28 23:07:50,009: INFO: model] --------------------
[2022-12-28 23:07:50,009: INFO: model] for epoch: 84
[2022-12-28 23:07:50,009: INFO: model] --------------------
[2022-12-28 23:07:50,009: INFO: model] predicted value after forward pass: 
[0 1 1 1]
[2022-12-28 23:07:50,009: INFO: model] error: 
0    0
1    0
2    0
3    0
Name: y, dtype: int64
[2022-12-28 23:07:50,009: INFO: model] updated weights after epoch:
84/100 : 
[5.99956294e-01 5.99967114e-01 1.67237111e-04]
[2022-12-28 23:07:50,009: INFO: model] ##################################################
[2022-12-28 23:07:50,009: INFO: model] --------------------
[2022-12-28 23:07:50,009: INFO: model] for epoch: 85
[2022-12-28 23:07:50,009: INFO: model] --------------------
[2022-12-28 23:07:50,009: INFO: model] predicted value after forward pass: 
[0 1 1 1]
[2022-12-28 23:07:50,010: INFO: model] error: 
0    0
1    0
2    0
3    0
Name: y, dtype: int64
[2022-12-28 23:07:50,010: INFO: model] updated weights after epoch:
85/100 : 
[5.99956294e-01 5.99967114e-01 1.67237111e-04]
[2022-12-28 23:07:50,010: INFO: model] ##################################################
[2022-12-28 23:07:50,010: INFO: model] --------------------
[2022-12-28 23:07:50,010: INFO: model] for epoch: 86
[2022-12-28 23:07:50,010: INFO: model] --------------------
[2022-12-28 23:07:50,010: INFO: model] predicted value after forward pass: 
[0 1 1 1]
[2022-12-28 23:07:50,010: INFO: model] error: 
0    0
1    0
2    0
3    0
Name: y, dtype: int64
[2022-12-28 23:07:50,010: INFO: model] updated weights after epoch:
86/100 : 
[5.99956294e-01 5.99967114e-01 1.67237111e-04]
[2022-12-28 23:07:50,010: INFO: model] ##################################################
[2022-12-28 23:07:50,011: INFO: model] --------------------
[2022-12-28 23:07:50,011: INFO: model] for epoch: 87
[2022-12-28 23:07:50,011: INFO: model] --------------------
[2022-12-28 23:07:50,011: INFO: model] predicted value after forward pass: 
[0 1 1 1]
[2022-12-28 23:07:50,011: INFO: model] error: 
0    0
1    0
2    0
3    0
Name: y, dtype: int64
[2022-12-28 23:07:50,011: INFO: model] updated weights after epoch:
87/100 : 
[5.99956294e-01 5.99967114e-01 1.67237111e-04]
[2022-12-28 23:07:50,011: INFO: model] ##################################################
[2022-12-28 23:07:50,011: INFO: model] --------------------
[2022-12-28 23:07:50,011: INFO: model] for epoch: 88
[2022-12-28 23:07:50,011: INFO: model] --------------------
[2022-12-28 23:07:50,011: INFO: model] predicted value after forward pass: 
[0 1 1 1]
[2022-12-28 23:07:50,012: INFO: model] error: 
0    0
1    0
2    0
3    0
Name: y, dtype: int64
[2022-12-28 23:07:50,012: INFO: model] updated weights after epoch:
88/100 : 
[5.99956294e-01 5.99967114e-01 1.67237111e-04]
[2022-12-28 23:07:50,012: INFO: model] ##################################################
[2022-12-28 23:07:50,012: INFO: model] --------------------
[2022-12-28 23:07:50,012: INFO: model] for epoch: 89
[2022-12-28 23:07:50,012: INFO: model] --------------------
[2022-12-28 23:07:50,012: INFO: model] predicted value after forward pass: 
[0 1 1 1]
[2022-12-28 23:07:50,012: INFO: model] error: 
0    0
1    0
2    0
3    0
Name: y, dtype: int64
[2022-12-28 23:07:50,013: INFO: model] updated weights after epoch:
89/100 : 
[5.99956294e-01 5.99967114e-01 1.67237111e-04]
[2022-12-28 23:07:50,013: INFO: model] ##################################################
[2022-12-28 23:07:50,013: INFO: model] --------------------
[2022-12-28 23:07:50,013: INFO: model] for epoch: 90
[2022-12-28 23:07:50,013: INFO: model] --------------------
[2022-12-28 23:07:50,013: INFO: model] predicted value after forward pass: 
[0 1 1 1]
[2022-12-28 23:07:50,013: INFO: model] error: 
0    0
1    0
2    0
3    0
Name: y, dtype: int64
[2022-12-28 23:07:50,013: INFO: model] updated weights after epoch:
90/100 : 
[5.99956294e-01 5.99967114e-01 1.67237111e-04]
[2022-12-28 23:07:50,013: INFO: model] ##################################################
[2022-12-28 23:07:50,013: INFO: model] --------------------
[2022-12-28 23:07:50,013: INFO: model] for epoch: 91
[2022-12-28 23:07:50,013: INFO: model] --------------------
[2022-12-28 23:07:50,013: INFO: model] predicted value after forward pass: 
[0 1 1 1]
[2022-12-28 23:07:50,014: INFO: model] error: 
0    0
1    0
2    0
3    0
Name: y, dtype: int64
[2022-12-28 23:07:50,014: INFO: model] updated weights after epoch:
91/100 : 
[5.99956294e-01 5.99967114e-01 1.67237111e-04]
[2022-12-28 23:07:50,014: INFO: model] ##################################################
[2022-12-28 23:07:50,014: INFO: model] --------------------
[2022-12-28 23:07:50,014: INFO: model] for epoch: 92
[2022-12-28 23:07:50,014: INFO: model] --------------------
[2022-12-28 23:07:50,014: INFO: model] predicted value after forward pass: 
[0 1 1 1]
[2022-12-28 23:07:50,014: INFO: model] error: 
0    0
1    0
2    0
3    0
Name: y, dtype: int64
[2022-12-28 23:07:50,015: INFO: model] updated weights after epoch:
92/100 : 
[5.99956294e-01 5.99967114e-01 1.67237111e-04]
[2022-12-28 23:07:50,015: INFO: model] ##################################################
[2022-12-28 23:07:50,015: INFO: model] --------------------
[2022-12-28 23:07:50,015: INFO: model] for epoch: 93
[2022-12-28 23:07:50,015: INFO: model] --------------------
[2022-12-28 23:07:50,015: INFO: model] predicted value after forward pass: 
[0 1 1 1]
[2022-12-28 23:07:50,015: INFO: model] error: 
0    0
1    0
2    0
3    0
Name: y, dtype: int64
[2022-12-28 23:07:50,015: INFO: model] updated weights after epoch:
93/100 : 
[5.99956294e-01 5.99967114e-01 1.67237111e-04]
[2022-12-28 23:07:50,015: INFO: model] ##################################################
[2022-12-28 23:07:50,015: INFO: model] --------------------
[2022-12-28 23:07:50,015: INFO: model] for epoch: 94
[2022-12-28 23:07:50,016: INFO: model] --------------------
[2022-12-28 23:07:50,016: INFO: model] predicted value after forward pass: 
[0 1 1 1]
[2022-12-28 23:07:50,016: INFO: model] error: 
0    0
1    0
2    0
3    0
Name: y, dtype: int64
[2022-12-28 23:07:50,016: INFO: model] updated weights after epoch:
94/100 : 
[5.99956294e-01 5.99967114e-01 1.67237111e-04]
[2022-12-28 23:07:50,016: INFO: model] ##################################################
[2022-12-28 23:07:50,016: INFO: model] --------------------
[2022-12-28 23:07:50,016: INFO: model] for epoch: 95
[2022-12-28 23:07:50,016: INFO: model] --------------------
[2022-12-28 23:07:50,016: INFO: model] predicted value after forward pass: 
[0 1 1 1]
[2022-12-28 23:07:50,017: INFO: model] error: 
0    0
1    0
2    0
3    0
Name: y, dtype: int64
[2022-12-28 23:07:50,017: INFO: model] updated weights after epoch:
95/100 : 
[5.99956294e-01 5.99967114e-01 1.67237111e-04]
[2022-12-28 23:07:50,017: INFO: model] ##################################################
[2022-12-28 23:07:50,017: INFO: model] --------------------
[2022-12-28 23:07:50,017: INFO: model] for epoch: 96
[2022-12-28 23:07:50,017: INFO: model] --------------------
[2022-12-28 23:07:50,017: INFO: model] predicted value after forward pass: 
[0 1 1 1]
[2022-12-28 23:07:50,017: INFO: model] error: 
0    0
1    0
2    0
3    0
Name: y, dtype: int64
[2022-12-28 23:07:50,018: INFO: model] updated weights after epoch:
96/100 : 
[5.99956294e-01 5.99967114e-01 1.67237111e-04]
[2022-12-28 23:07:50,018: INFO: model] ##################################################
[2022-12-28 23:07:50,018: INFO: model] --------------------
[2022-12-28 23:07:50,018: INFO: model] for epoch: 97
[2022-12-28 23:07:50,018: INFO: model] --------------------
[2022-12-28 23:07:50,018: INFO: model] predicted value after forward pass: 
[0 1 1 1]
[2022-12-28 23:07:50,018: INFO: model] error: 
0    0
1    0
2    0
3    0
Name: y, dtype: int64
[2022-12-28 23:07:50,018: INFO: model] updated weights after epoch:
97/100 : 
[5.99956294e-01 5.99967114e-01 1.67237111e-04]
[2022-12-28 23:07:50,018: INFO: model] ##################################################
[2022-12-28 23:07:50,018: INFO: model] --------------------
[2022-12-28 23:07:50,019: INFO: model] for epoch: 98
[2022-12-28 23:07:50,019: INFO: model] --------------------
[2022-12-28 23:07:50,019: INFO: model] predicted value after forward pass: 
[0 1 1 1]
[2022-12-28 23:07:50,019: INFO: model] error: 
0    0
1    0
2    0
3    0
Name: y, dtype: int64
[2022-12-28 23:07:50,019: INFO: model] updated weights after epoch:
98/100 : 
[5.99956294e-01 5.99967114e-01 1.67237111e-04]
[2022-12-28 23:07:50,019: INFO: model] ##################################################
[2022-12-28 23:07:50,019: INFO: model] --------------------
[2022-12-28 23:07:50,020: INFO: model] for epoch: 99
[2022-12-28 23:07:50,020: INFO: model] --------------------
[2022-12-28 23:07:50,020: INFO: model] predicted value after forward pass: 
[0 1 1 1]
[2022-12-28 23:07:50,020: INFO: model] error: 
0    0
1    0
2    0
3    0
Name: y, dtype: int64
[2022-12-28 23:07:50,020: INFO: model] updated weights after epoch:
99/100 : 
[5.99956294e-01 5.99967114e-01 1.67237111e-04]
[2022-12-28 23:07:50,020: INFO: model] ##################################################
[2022-12-28 23:07:50,021: INFO: model] total loss: 0
[2022-12-28 23:07:50,021: INFO: all_utils] saving the trained model
[2022-12-28 23:07:50,023: INFO: all_utils] saved the trained model models\or.model
[2022-12-28 23:07:50,023: INFO: all_utils] Preparing the data by segregating the independent and dependent variables
[2022-12-28 23:07:50,024: INFO: all_utils] creating the base plot
[2022-12-28 23:07:50,701: INFO: all_utils] plotting the decision regions
[2022-12-28 23:07:50,824: INFO: all_utils] saving the plot at plots\or.png
[2022-12-28 23:07:50,824: INFO: or] <<<<< training done successfully<<<<<

